<?xml version="1.0" encoding="UTF-8"?>
<testng-results skipped="0" failed="0" total="1" passed="1">
  <reporter-output>
  </reporter-output>
  <suite name="Default suite" duration-ms="39057" started-at="2019-01-14T10:49:40Z" finished-at="2019-01-14T10:50:19Z">
    <groups>
    </groups>
    <test name="Default test" duration-ms="39057" started-at="2019-01-14T10:49:40Z" finished-at="2019-01-14T10:50:19Z">
      <class name="Test.TutorialTopic">
        <test-method status="PASS" signature="Coursecheck()[pri:0, instance:Test.TutorialTopic@46d56d67]" name="Coursecheck" duration-ms="39034" started-at="2019-01-14T11:49:40Z" finished-at="2019-01-14T11:50:19Z">
          <reporter-output>
          </reporter-output>
        </test-method> <!-- Coursecheck -->
      </class> <!-- Test.TutorialTopic -->
    </test> <!-- Default test -->
  </suite> <!-- Default suite -->
</testng-results>
